W:\GameSamples\JACO_Cocos2dX\Simple-2d-game\CocosDenshion\proj.win32\Debug.win32\cl.command.1.tlog
W:\GameSamples\JACO_Cocos2dX\Simple-2d-game\CocosDenshion\proj.win32\Debug.win32\CL.read.1.tlog
W:\GameSamples\JACO_Cocos2dX\Simple-2d-game\CocosDenshion\proj.win32\Debug.win32\CL.write.1.tlog
W:\GameSamples\JACO_Cocos2dX\Simple-2d-game\CocosDenshion\proj.win32\Debug.win32\libCocosDenshion.dll.embed.manifest
W:\GAMESAMPLES\JACO_COCOS2DX\SIMPLE-2D-GAME\COCOSDENSHION\PROJ.WIN32\DEBUG.WIN32\LIBCOCOSDENSHION.DLL.EMBED.MANIFEST.RES
W:\GAMESAMPLES\JACO_COCOS2DX\SIMPLE-2D-GAME\COCOSDENSHION\PROJ.WIN32\DEBUG.WIN32\LIBCOCOSDENSHION.DLL.INTERMEDIATE.MANIFEST
W:\GameSamples\JACO_Cocos2dX\Simple-2d-game\CocosDenshion\proj.win32\Debug.win32\libCocosDenshion.write.1.tlog
W:\GameSamples\JACO_Cocos2dX\Simple-2d-game\CocosDenshion\proj.win32\Debug.win32\libCocosDenshion_manifest.rc
W:\GameSamples\JACO_Cocos2dX\Simple-2d-game\CocosDenshion\proj.win32\Debug.win32\link.command.1.tlog
W:\GameSamples\JACO_Cocos2dX\Simple-2d-game\CocosDenshion\proj.win32\Debug.win32\link.read.1.tlog
W:\GameSamples\JACO_Cocos2dX\Simple-2d-game\CocosDenshion\proj.win32\Debug.win32\link.write.1.tlog
W:\GameSamples\JACO_Cocos2dX\Simple-2d-game\CocosDenshion\proj.win32\Debug.win32\link-cvtres.read.1.tlog
W:\GameSamples\JACO_Cocos2dX\Simple-2d-game\CocosDenshion\proj.win32\Debug.win32\link-cvtres.write.1.tlog
W:\GAMESAMPLES\JACO_COCOS2DX\SIMPLE-2D-GAME\COCOSDENSHION\PROJ.WIN32\DEBUG.WIN32\MCIPLAYER.OBJ
W:\GameSamples\JACO_Cocos2dX\Simple-2d-game\CocosDenshion\proj.win32\Debug.win32\mt.command.1.tlog
W:\GameSamples\JACO_Cocos2dX\Simple-2d-game\CocosDenshion\proj.win32\Debug.win32\mt.read.1.tlog
W:\GameSamples\JACO_Cocos2dX\Simple-2d-game\CocosDenshion\proj.win32\Debug.win32\mt.write.1.tlog
W:\GameSamples\JACO_Cocos2dX\Simple-2d-game\CocosDenshion\proj.win32\Debug.win32\rc.command.1.tlog
W:\GameSamples\JACO_Cocos2dX\Simple-2d-game\CocosDenshion\proj.win32\Debug.win32\rc.read.1.tlog
W:\GameSamples\JACO_Cocos2dX\Simple-2d-game\CocosDenshion\proj.win32\Debug.win32\rc.write.1.tlog
W:\GAMESAMPLES\JACO_COCOS2DX\SIMPLE-2D-GAME\COCOSDENSHION\PROJ.WIN32\DEBUG.WIN32\SIMPLEAUDIOENGINE.OBJ
W:\GameSamples\JACO_Cocos2dX\Simple-2d-game\CocosDenshion\proj.win32\Debug.win32\vc100.idb
W:\GAMESAMPLES\JACO_COCOS2DX\SIMPLE-2D-GAME\COCOSDENSHION\PROJ.WIN32\DEBUG.WIN32\VC100.PDB
W:\GameSamples\JACO_Cocos2dX\Simple-2d-game\CocosDenshion\proj.win32\Debug.win32\vc90.idb
W:\GameSamples\JACO_Cocos2dX\Simple-2d-game\CocosDenshion\proj.win32\Debug.win32\vc90.pdb
W:\GAMESAMPLES\JACO_COCOS2DX\SIMPLE-2D-GAME\DEBUG.WIN32\LIBCOCOSDENSHION.DLL
W:\GameSamples\JACO_Cocos2dX\Simple-2d-game\Debug.win32\libCocosDenshion.exp
W:\GAMESAMPLES\JACO_COCOS2DX\SIMPLE-2D-GAME\DEBUG.WIN32\LIBCOCOSDENSHION.ILK
W:\GameSamples\JACO_Cocos2dX\Simple-2d-game\Debug.win32\libCocosDenshion.lib
W:\GAMESAMPLES\JACO_COCOS2DX\SIMPLE-2D-GAME\DEBUG.WIN32\LIBCOCOSDENSHION.PDB
