W:\GAMESAMPLES\JACO_COCOS2DX\SIMPLE-2D-GAME\COCOS2DX\PROJ.WIN32\DEBUG.WIN32\BASE64.OBJ
W:\GAMESAMPLES\JACO_COCOS2DX\SIMPLE-2D-GAME\COCOS2DX\PROJ.WIN32\DEBUG.WIN32\CCACTION.OBJ
W:\GAMESAMPLES\JACO_COCOS2DX\SIMPLE-2D-GAME\COCOS2DX\PROJ.WIN32\DEBUG.WIN32\CCACTIONCAMERA.OBJ
W:\GAMESAMPLES\JACO_COCOS2DX\SIMPLE-2D-GAME\COCOS2DX\PROJ.WIN32\DEBUG.WIN32\CCACTIONEASE.OBJ
W:\GAMESAMPLES\JACO_COCOS2DX\SIMPLE-2D-GAME\COCOS2DX\PROJ.WIN32\DEBUG.WIN32\CCACTIONGRID.OBJ
W:\GAMESAMPLES\JACO_COCOS2DX\SIMPLE-2D-GAME\COCOS2DX\PROJ.WIN32\DEBUG.WIN32\CCACTIONGRID3D.OBJ
W:\GAMESAMPLES\JACO_COCOS2DX\SIMPLE-2D-GAME\COCOS2DX\PROJ.WIN32\DEBUG.WIN32\CCACTIONINSTANT.OBJ
W:\GAMESAMPLES\JACO_COCOS2DX\SIMPLE-2D-GAME\COCOS2DX\PROJ.WIN32\DEBUG.WIN32\CCACTIONINTERVAL.OBJ
W:\GAMESAMPLES\JACO_COCOS2DX\SIMPLE-2D-GAME\COCOS2DX\PROJ.WIN32\DEBUG.WIN32\CCACTIONMANAGER.OBJ
W:\GAMESAMPLES\JACO_COCOS2DX\SIMPLE-2D-GAME\COCOS2DX\PROJ.WIN32\DEBUG.WIN32\CCACTIONPAGETURN3D.OBJ
W:\GAMESAMPLES\JACO_COCOS2DX\SIMPLE-2D-GAME\COCOS2DX\PROJ.WIN32\DEBUG.WIN32\CCACTIONPROGRESSTIMER.OBJ
W:\GAMESAMPLES\JACO_COCOS2DX\SIMPLE-2D-GAME\COCOS2DX\PROJ.WIN32\DEBUG.WIN32\CCACTIONTILEDGRID.OBJ
W:\GAMESAMPLES\JACO_COCOS2DX\SIMPLE-2D-GAME\COCOS2DX\PROJ.WIN32\DEBUG.WIN32\CCAFFINETRANSFORM.OBJ
W:\GAMESAMPLES\JACO_COCOS2DX\SIMPLE-2D-GAME\COCOS2DX\PROJ.WIN32\DEBUG.WIN32\CCANIMATION.OBJ
W:\GAMESAMPLES\JACO_COCOS2DX\SIMPLE-2D-GAME\COCOS2DX\PROJ.WIN32\DEBUG.WIN32\CCANIMATIONCACHE.OBJ
W:\GAMESAMPLES\JACO_COCOS2DX\SIMPLE-2D-GAME\COCOS2DX\PROJ.WIN32\DEBUG.WIN32\CCAPPLICATION_WIN32.OBJ
W:\GAMESAMPLES\JACO_COCOS2DX\SIMPLE-2D-GAME\COCOS2DX\PROJ.WIN32\DEBUG.WIN32\CCARRAY.OBJ
W:\GAMESAMPLES\JACO_COCOS2DX\SIMPLE-2D-GAME\COCOS2DX\PROJ.WIN32\DEBUG.WIN32\CCATLASNODE.OBJ
W:\GAMESAMPLES\JACO_COCOS2DX\SIMPLE-2D-GAME\COCOS2DX\PROJ.WIN32\DEBUG.WIN32\CCAUTORELEASEPOOL.OBJ
W:\GAMESAMPLES\JACO_COCOS2DX\SIMPLE-2D-GAME\COCOS2DX\PROJ.WIN32\DEBUG.WIN32\CCCAMERA.OBJ
W:\GAMESAMPLES\JACO_COCOS2DX\SIMPLE-2D-GAME\COCOS2DX\PROJ.WIN32\DEBUG.WIN32\CCCOMMON.OBJ
W:\GAMESAMPLES\JACO_COCOS2DX\SIMPLE-2D-GAME\COCOS2DX\PROJ.WIN32\DEBUG.WIN32\CCCONFIGURATION.OBJ
W:\GAMESAMPLES\JACO_COCOS2DX\SIMPLE-2D-GAME\COCOS2DX\PROJ.WIN32\DEBUG.WIN32\CCDATA.OBJ
W:\GAMESAMPLES\JACO_COCOS2DX\SIMPLE-2D-GAME\COCOS2DX\PROJ.WIN32\DEBUG.WIN32\CCDIRECTOR.OBJ
W:\GAMESAMPLES\JACO_COCOS2DX\SIMPLE-2D-GAME\COCOS2DX\PROJ.WIN32\DEBUG.WIN32\CCDRAWINGPRIMITIVES.OBJ
W:\GAMESAMPLES\JACO_COCOS2DX\SIMPLE-2D-GAME\COCOS2DX\PROJ.WIN32\DEBUG.WIN32\CCEGLVIEW_WIN32.OBJ
W:\GAMESAMPLES\JACO_COCOS2DX\SIMPLE-2D-GAME\COCOS2DX\PROJ.WIN32\DEBUG.WIN32\CCFILEUTILS.OBJ
W:\GAMESAMPLES\JACO_COCOS2DX\SIMPLE-2D-GAME\COCOS2DX\PROJ.WIN32\DEBUG.WIN32\CCGEOMETRY.OBJ
W:\GAMESAMPLES\JACO_COCOS2DX\SIMPLE-2D-GAME\COCOS2DX\PROJ.WIN32\DEBUG.WIN32\CCGL.OBJ
W:\GAMESAMPLES\JACO_COCOS2DX\SIMPLE-2D-GAME\COCOS2DX\PROJ.WIN32\DEBUG.WIN32\CCGRABBER.OBJ
W:\GAMESAMPLES\JACO_COCOS2DX\SIMPLE-2D-GAME\COCOS2DX\PROJ.WIN32\DEBUG.WIN32\CCGRID.OBJ
W:\GAMESAMPLES\JACO_COCOS2DX\SIMPLE-2D-GAME\COCOS2DX\PROJ.WIN32\DEBUG.WIN32\CCIMAGE.OBJ
W:\GAMESAMPLES\JACO_COCOS2DX\SIMPLE-2D-GAME\COCOS2DX\PROJ.WIN32\DEBUG.WIN32\CCIMEDISPATCHER.OBJ
W:\GAMESAMPLES\JACO_COCOS2DX\SIMPLE-2D-GAME\COCOS2DX\PROJ.WIN32\DEBUG.WIN32\CCKEYPADDELEGATE.OBJ
W:\GAMESAMPLES\JACO_COCOS2DX\SIMPLE-2D-GAME\COCOS2DX\PROJ.WIN32\DEBUG.WIN32\CCKEYPADDISPATCHER.OBJ
W:\GAMESAMPLES\JACO_COCOS2DX\SIMPLE-2D-GAME\COCOS2DX\PROJ.WIN32\DEBUG.WIN32\CCLABELATLAS.OBJ
W:\GAMESAMPLES\JACO_COCOS2DX\SIMPLE-2D-GAME\COCOS2DX\PROJ.WIN32\DEBUG.WIN32\CCLABELBMFONT.OBJ
W:\GAMESAMPLES\JACO_COCOS2DX\SIMPLE-2D-GAME\COCOS2DX\PROJ.WIN32\DEBUG.WIN32\CCLABELTTF.OBJ
W:\GAMESAMPLES\JACO_COCOS2DX\SIMPLE-2D-GAME\COCOS2DX\PROJ.WIN32\DEBUG.WIN32\CCLAYER.OBJ
W:\GAMESAMPLES\JACO_COCOS2DX\SIMPLE-2D-GAME\COCOS2DX\PROJ.WIN32\DEBUG.WIN32\CCMENU.OBJ
W:\GAMESAMPLES\JACO_COCOS2DX\SIMPLE-2D-GAME\COCOS2DX\PROJ.WIN32\DEBUG.WIN32\CCMENUITEM.OBJ
W:\GAMESAMPLES\JACO_COCOS2DX\SIMPLE-2D-GAME\COCOS2DX\PROJ.WIN32\DEBUG.WIN32\CCMOTIONSTREAK.OBJ
W:\GAMESAMPLES\JACO_COCOS2DX\SIMPLE-2D-GAME\COCOS2DX\PROJ.WIN32\DEBUG.WIN32\CCNODE.OBJ
W:\GAMESAMPLES\JACO_COCOS2DX\SIMPLE-2D-GAME\COCOS2DX\PROJ.WIN32\DEBUG.WIN32\CCNS.OBJ
W:\GAMESAMPLES\JACO_COCOS2DX\SIMPLE-2D-GAME\COCOS2DX\PROJ.WIN32\DEBUG.WIN32\CCOBJECT.OBJ
W:\GAMESAMPLES\JACO_COCOS2DX\SIMPLE-2D-GAME\COCOS2DX\PROJ.WIN32\DEBUG.WIN32\CCPARALLAXNODE.OBJ
W:\GAMESAMPLES\JACO_COCOS2DX\SIMPLE-2D-GAME\COCOS2DX\PROJ.WIN32\DEBUG.WIN32\CCPARTICLEEXAMPLES.OBJ
W:\GAMESAMPLES\JACO_COCOS2DX\SIMPLE-2D-GAME\COCOS2DX\PROJ.WIN32\DEBUG.WIN32\CCPARTICLESYSTEM.OBJ
W:\GAMESAMPLES\JACO_COCOS2DX\SIMPLE-2D-GAME\COCOS2DX\PROJ.WIN32\DEBUG.WIN32\CCPARTICLESYSTEMPOINT.OBJ
W:\GAMESAMPLES\JACO_COCOS2DX\SIMPLE-2D-GAME\COCOS2DX\PROJ.WIN32\DEBUG.WIN32\CCPARTICLESYSTEMQUAD.OBJ
W:\GAMESAMPLES\JACO_COCOS2DX\SIMPLE-2D-GAME\COCOS2DX\PROJ.WIN32\DEBUG.WIN32\CCPOINTEXTENSION.OBJ
W:\GAMESAMPLES\JACO_COCOS2DX\SIMPLE-2D-GAME\COCOS2DX\PROJ.WIN32\DEBUG.WIN32\CCPROFILING.OBJ
W:\GAMESAMPLES\JACO_COCOS2DX\SIMPLE-2D-GAME\COCOS2DX\PROJ.WIN32\DEBUG.WIN32\CCPROGRESSTIMER.OBJ
W:\GAMESAMPLES\JACO_COCOS2DX\SIMPLE-2D-GAME\COCOS2DX\PROJ.WIN32\DEBUG.WIN32\CCRENDERTEXTURE.OBJ
W:\GAMESAMPLES\JACO_COCOS2DX\SIMPLE-2D-GAME\COCOS2DX\PROJ.WIN32\DEBUG.WIN32\CCRIBBON.OBJ
W:\GAMESAMPLES\JACO_COCOS2DX\SIMPLE-2D-GAME\COCOS2DX\PROJ.WIN32\DEBUG.WIN32\CCSAXPARSER.OBJ
W:\GAMESAMPLES\JACO_COCOS2DX\SIMPLE-2D-GAME\COCOS2DX\PROJ.WIN32\DEBUG.WIN32\CCSCENE.OBJ
W:\GAMESAMPLES\JACO_COCOS2DX\SIMPLE-2D-GAME\COCOS2DX\PROJ.WIN32\DEBUG.WIN32\CCSCHEDULER.OBJ
W:\GAMESAMPLES\JACO_COCOS2DX\SIMPLE-2D-GAME\COCOS2DX\PROJ.WIN32\DEBUG.WIN32\CCSCRIPTSUPPORT.OBJ
W:\GAMESAMPLES\JACO_COCOS2DX\SIMPLE-2D-GAME\COCOS2DX\PROJ.WIN32\DEBUG.WIN32\CCSET.OBJ
W:\GAMESAMPLES\JACO_COCOS2DX\SIMPLE-2D-GAME\COCOS2DX\PROJ.WIN32\DEBUG.WIN32\CCSPRITE.OBJ
W:\GAMESAMPLES\JACO_COCOS2DX\SIMPLE-2D-GAME\COCOS2DX\PROJ.WIN32\DEBUG.WIN32\CCSPRITEBATCHNODE.OBJ
W:\GAMESAMPLES\JACO_COCOS2DX\SIMPLE-2D-GAME\COCOS2DX\PROJ.WIN32\DEBUG.WIN32\CCSPRITEFRAME.OBJ
W:\GAMESAMPLES\JACO_COCOS2DX\SIMPLE-2D-GAME\COCOS2DX\PROJ.WIN32\DEBUG.WIN32\CCSPRITEFRAMECACHE.OBJ
W:\GAMESAMPLES\JACO_COCOS2DX\SIMPLE-2D-GAME\COCOS2DX\PROJ.WIN32\DEBUG.WIN32\CCSTDC.OBJ
W:\GAMESAMPLES\JACO_COCOS2DX\SIMPLE-2D-GAME\COCOS2DX\PROJ.WIN32\DEBUG.WIN32\CCTEXTFIELDTTF.OBJ
W:\GAMESAMPLES\JACO_COCOS2DX\SIMPLE-2D-GAME\COCOS2DX\PROJ.WIN32\DEBUG.WIN32\CCTEXTURE2D.OBJ
W:\GAMESAMPLES\JACO_COCOS2DX\SIMPLE-2D-GAME\COCOS2DX\PROJ.WIN32\DEBUG.WIN32\CCTEXTUREATLAS.OBJ
W:\GAMESAMPLES\JACO_COCOS2DX\SIMPLE-2D-GAME\COCOS2DX\PROJ.WIN32\DEBUG.WIN32\CCTEXTURECACHE.OBJ
W:\GAMESAMPLES\JACO_COCOS2DX\SIMPLE-2D-GAME\COCOS2DX\PROJ.WIN32\DEBUG.WIN32\CCTEXTUREPVR.OBJ
W:\GAMESAMPLES\JACO_COCOS2DX\SIMPLE-2D-GAME\COCOS2DX\PROJ.WIN32\DEBUG.WIN32\CCTHREAD.OBJ
W:\GAMESAMPLES\JACO_COCOS2DX\SIMPLE-2D-GAME\COCOS2DX\PROJ.WIN32\DEBUG.WIN32\CCTILEMAPATLAS.OBJ
W:\GAMESAMPLES\JACO_COCOS2DX\SIMPLE-2D-GAME\COCOS2DX\PROJ.WIN32\DEBUG.WIN32\CCTMXLAYER.OBJ
W:\GAMESAMPLES\JACO_COCOS2DX\SIMPLE-2D-GAME\COCOS2DX\PROJ.WIN32\DEBUG.WIN32\CCTMXOBJECTGROUP.OBJ
W:\GAMESAMPLES\JACO_COCOS2DX\SIMPLE-2D-GAME\COCOS2DX\PROJ.WIN32\DEBUG.WIN32\CCTMXTILEDMAP.OBJ
W:\GAMESAMPLES\JACO_COCOS2DX\SIMPLE-2D-GAME\COCOS2DX\PROJ.WIN32\DEBUG.WIN32\CCTMXXMLPARSER.OBJ
W:\GAMESAMPLES\JACO_COCOS2DX\SIMPLE-2D-GAME\COCOS2DX\PROJ.WIN32\DEBUG.WIN32\CCTOUCHDISPATCHER.OBJ
W:\GAMESAMPLES\JACO_COCOS2DX\SIMPLE-2D-GAME\COCOS2DX\PROJ.WIN32\DEBUG.WIN32\CCTOUCHHANDLER.OBJ
W:\GAMESAMPLES\JACO_COCOS2DX\SIMPLE-2D-GAME\COCOS2DX\PROJ.WIN32\DEBUG.WIN32\CCTRANSITION.OBJ
W:\GAMESAMPLES\JACO_COCOS2DX\SIMPLE-2D-GAME\COCOS2DX\PROJ.WIN32\DEBUG.WIN32\CCTRANSITIONPAGETURN.OBJ
W:\GAMESAMPLES\JACO_COCOS2DX\SIMPLE-2D-GAME\COCOS2DX\PROJ.WIN32\DEBUG.WIN32\CCTRANSITIONRADIAL.OBJ
W:\GAMESAMPLES\JACO_COCOS2DX\SIMPLE-2D-GAME\COCOS2DX\PROJ.WIN32\DEBUG.WIN32\CCUSERDEFAULT.OBJ
W:\GAMESAMPLES\JACO_COCOS2DX\SIMPLE-2D-GAME\COCOS2DX\PROJ.WIN32\DEBUG.WIN32\CCUTILS.OBJ
W:\GAMESAMPLES\JACO_COCOS2DX\SIMPLE-2D-GAME\COCOS2DX\PROJ.WIN32\DEBUG.WIN32\CCZONE.OBJ
W:\GameSamples\JACO_Cocos2dX\Simple-2d-game\cocos2dx\proj.win32\Debug.win32\cl.command.1.tlog
W:\GameSamples\JACO_Cocos2dX\Simple-2d-game\cocos2dx\proj.win32\Debug.win32\CL.read.1.tlog
W:\GameSamples\JACO_Cocos2dX\Simple-2d-game\cocos2dx\proj.win32\Debug.win32\CL.write.1.tlog
W:\GAMESAMPLES\JACO_COCOS2DX\SIMPLE-2D-GAME\COCOS2DX\PROJ.WIN32\DEBUG.WIN32\COCOS2D.OBJ
W:\GAMESAMPLES\JACO_COCOS2DX\SIMPLE-2D-GAME\COCOS2DX\PROJ.WIN32\DEBUG.WIN32\IOAPI.OBJ
W:\GAMESAMPLES\JACO_COCOS2DX\SIMPLE-2D-GAME\COCOS2DX\PROJ.WIN32\DEBUG.WIN32\LIBCOCOS2D.DLL.EMBED.MANIFEST
W:\GAMESAMPLES\JACO_COCOS2DX\SIMPLE-2D-GAME\COCOS2DX\PROJ.WIN32\DEBUG.WIN32\LIBCOCOS2D.DLL.EMBED.MANIFEST.RES
W:\GAMESAMPLES\JACO_COCOS2DX\SIMPLE-2D-GAME\COCOS2DX\PROJ.WIN32\DEBUG.WIN32\LIBCOCOS2D.DLL.INTERMEDIATE.MANIFEST
W:\GameSamples\JACO_Cocos2dX\Simple-2d-game\cocos2dx\proj.win32\Debug.win32\libcocos2d.write.1.tlog
W:\GameSamples\JACO_Cocos2dX\Simple-2d-game\cocos2dx\proj.win32\Debug.win32\libcocos2d_manifest.rc
W:\GameSamples\JACO_Cocos2dX\Simple-2d-game\cocos2dx\proj.win32\Debug.win32\link.6044.read.1.tlog
W:\GameSamples\JACO_Cocos2dX\Simple-2d-game\cocos2dx\proj.win32\Debug.win32\link.6044.write.1.tlog
W:\GameSamples\JACO_Cocos2dX\Simple-2d-game\cocos2dx\proj.win32\Debug.win32\link.6044-cvtres.read.1.tlog
W:\GameSamples\JACO_Cocos2dX\Simple-2d-game\cocos2dx\proj.win32\Debug.win32\link.6044-cvtres.write.1.tlog
W:\GameSamples\JACO_Cocos2dX\Simple-2d-game\cocos2dx\proj.win32\Debug.win32\link.command.1.tlog
W:\GameSamples\JACO_Cocos2dX\Simple-2d-game\cocos2dx\proj.win32\Debug.win32\link.read.1.tlog
W:\GameSamples\JACO_Cocos2dX\Simple-2d-game\cocos2dx\proj.win32\Debug.win32\link.write.1.tlog
W:\GameSamples\JACO_Cocos2dX\Simple-2d-game\cocos2dx\proj.win32\Debug.win32\link-cvtres.read.1.tlog
W:\GameSamples\JACO_Cocos2dX\Simple-2d-game\cocos2dx\proj.win32\Debug.win32\link-cvtres.write.1.tlog
W:\GameSamples\JACO_Cocos2dX\Simple-2d-game\cocos2dx\proj.win32\Debug.win32\mt.command.1.tlog
W:\GameSamples\JACO_Cocos2dX\Simple-2d-game\cocos2dx\proj.win32\Debug.win32\mt.read.1.tlog
W:\GameSamples\JACO_Cocos2dX\Simple-2d-game\cocos2dx\proj.win32\Debug.win32\mt.write.1.tlog
W:\GAMESAMPLES\JACO_COCOS2DX\SIMPLE-2D-GAME\COCOS2DX\PROJ.WIN32\DEBUG.WIN32\PLATFORM.OBJ
W:\GameSamples\JACO_Cocos2dX\Simple-2d-game\cocos2dx\proj.win32\Debug.win32\rc.command.1.tlog
W:\GameSamples\JACO_Cocos2dX\Simple-2d-game\cocos2dx\proj.win32\Debug.win32\rc.read.1.tlog
W:\GameSamples\JACO_Cocos2dX\Simple-2d-game\cocos2dx\proj.win32\Debug.win32\rc.write.1.tlog
W:\GAMESAMPLES\JACO_COCOS2DX\SIMPLE-2D-GAME\COCOS2DX\PROJ.WIN32\DEBUG.WIN32\TGALIB.OBJ
W:\GAMESAMPLES\JACO_COCOS2DX\SIMPLE-2D-GAME\COCOS2DX\PROJ.WIN32\DEBUG.WIN32\TRANSFORMUTILS.OBJ
W:\GAMESAMPLES\JACO_COCOS2DX\SIMPLE-2D-GAME\COCOS2DX\PROJ.WIN32\DEBUG.WIN32\UNZIP.OBJ
W:\GameSamples\JACO_Cocos2dX\Simple-2d-game\cocos2dx\proj.win32\Debug.win32\vc100.idb
W:\GAMESAMPLES\JACO_COCOS2DX\SIMPLE-2D-GAME\COCOS2DX\PROJ.WIN32\DEBUG.WIN32\VC100.PDB
W:\GAMESAMPLES\JACO_COCOS2DX\SIMPLE-2D-GAME\COCOS2DX\PROJ.WIN32\DEBUG.WIN32\ZIPUTILS.OBJ
W:\GAMESAMPLES\JACO_COCOS2DX\SIMPLE-2D-GAME\DEBUG.WIN32\LIBCOCOS2D.DLL
W:\GameSamples\JACO_Cocos2dX\Simple-2d-game\Debug.win32\libcocos2d.exp
W:\GAMESAMPLES\JACO_COCOS2DX\SIMPLE-2D-GAME\DEBUG.WIN32\LIBCOCOS2D.ILK
W:\GameSamples\JACO_Cocos2dX\Simple-2d-game\Debug.win32\libcocos2d.lib
W:\GAMESAMPLES\JACO_COCOS2DX\SIMPLE-2D-GAME\DEBUG.WIN32\LIBCOCOS2D.PDB
